[debug] [2018-02-20T16:23:44.665Z] ----------------------------------------------------------------------
[debug] [2018-02-20T16:23:44.667Z] Command:       C:\Program Files\nodejs\node.exe C:\Users\iparravicini\AppData\Roaming\npm\node_modules\firebase-tools\bin\firebase deploy
[debug] [2018-02-20T16:23:44.667Z] CLI Version:   3.17.4
[debug] [2018-02-20T16:23:44.667Z] Platform:      win32
[debug] [2018-02-20T16:23:44.667Z] Node Version:  v8.9.4
[debug] [2018-02-20T16:23:44.668Z] Time:          Tue Feb 20 2018 13:23:44 GMT-0300 (Hora estándar de Argentina)
[debug] [2018-02-20T16:23:44.668Z] ----------------------------------------------------------------------
[debug] 
[debug] [2018-02-20T16:23:44.678Z] > command requires scopes: ["email","openid","https://www.googleapis.com/auth/cloudplatformprojects.readonly","https://www.googleapis.com/auth/firebase","https://www.googleapis.com/auth/cloud-platform"]
[debug] [2018-02-20T16:23:44.679Z] > authorizing via signed-in user
[debug] [2018-02-20T16:23:44.680Z] > refreshing access token with scopes: ["email","https://www.googleapis.com/auth/cloud-platform","https://www.googleapis.com/auth/cloudplatformprojects.readonly","https://www.googleapis.com/auth/firebase","openid"]
[debug] [2018-02-20T16:23:44.681Z] >>> HTTP REQUEST POST https://www.googleapis.com/oauth2/v3/token  
 { refresh_token: '1/FKX4BuAIfDQ8HN-tVvldRPHTE3UYKmqqimHY6R6eukk',
  client_id: '563584335869-fgrhgmd47bqnekij5i8b5pr03ho849e6.apps.googleusercontent.com',
  client_secret: 'j9iVZfS8kkCEFUPaAeJV0sAi',
  grant_type: 'refresh_token',
  scope: 'email https://www.googleapis.com/auth/cloud-platform https://www.googleapis.com/auth/cloudplatformprojects.readonly https://www.googleapis.com/auth/firebase openid' } 
 Tue Feb 20 2018 13:23:44 GMT-0300 (Hora estándar de Argentina)
[debug] [2018-02-20T16:23:44.976Z] <<< HTTP RESPONSE 200
[debug] [2018-02-20T16:23:45.050Z] >>> HTTP REQUEST GET https://admin.firebase.com/v1/projects/notasdai  
  
 Tue Feb 20 2018 13:23:45 GMT-0300 (Hora estándar de Argentina)
[debug] [2018-02-20T16:23:46.303Z] <<< HTTP RESPONSE 200
[debug] [2018-02-20T16:23:46.304Z] >>> HTTP REQUEST GET https://admin.firebase.com/v1/database/notasdai/tokens  
  
 Tue Feb 20 2018 13:23:46 GMT-0300 (Hora estándar de Argentina)
[debug] [2018-02-20T16:23:47.216Z] <<< HTTP RESPONSE 200
[debug] [2018-02-20T16:24:30.353Z] ----------------------------------------------------------------------
[debug] [2018-02-20T16:24:30.356Z] Command:       C:\Program Files\nodejs\node.exe C:\Users\iparravicini\AppData\Roaming\npm\node_modules\firebase-tools\bin\firebase deploy -p build\es6-bundled
[debug] [2018-02-20T16:24:30.356Z] CLI Version:   3.17.4
[debug] [2018-02-20T16:24:30.356Z] Platform:      win32
[debug] [2018-02-20T16:24:30.356Z] Node Version:  v8.9.4
[debug] [2018-02-20T16:24:30.356Z] Time:          Tue Feb 20 2018 13:24:30 GMT-0300 (Hora estándar de Argentina)
[debug] [2018-02-20T16:24:30.356Z] ----------------------------------------------------------------------
[debug] 
[debug] [2018-02-20T16:24:30.367Z] > command requires scopes: ["email","openid","https://www.googleapis.com/auth/cloudplatformprojects.readonly","https://www.googleapis.com/auth/firebase","https://www.googleapis.com/auth/cloud-platform"]
[debug] [2018-02-20T16:24:30.367Z] > authorizing via signed-in user
[debug] [2018-02-20T16:24:30.369Z] >>> HTTP REQUEST GET https://admin.firebase.com/v1/projects/notasdai  
  
 Tue Feb 20 2018 13:24:30 GMT-0300 (Hora estándar de Argentina)
[debug] [2018-02-20T16:24:31.196Z] <<< HTTP RESPONSE 200
[debug] [2018-02-20T16:24:31.196Z] >>> HTTP REQUEST GET https://admin.firebase.com/v1/database/notasdai/tokens  
  
 Tue Feb 20 2018 13:24:31 GMT-0300 (Hora estándar de Argentina)
[debug] [2018-02-20T16:24:32.001Z] <<< HTTP RESPONSE 200
[debug] [2018-02-20T16:25:42.661Z] ----------------------------------------------------------------------
[debug] [2018-02-20T16:25:42.664Z] Command:       C:\Program Files\nodejs\node.exe C:\Users\iparravicini\AppData\Roaming\npm\node_modules\firebase-tools\bin\firebase deploy
[debug] [2018-02-20T16:25:42.664Z] CLI Version:   3.17.4
[debug] [2018-02-20T16:25:42.664Z] Platform:      win32
[debug] [2018-02-20T16:25:42.664Z] Node Version:  v8.9.4
[debug] [2018-02-20T16:25:42.664Z] Time:          Tue Feb 20 2018 13:25:42 GMT-0300 (Hora estándar de Argentina)
[debug] [2018-02-20T16:25:42.664Z] ----------------------------------------------------------------------
[debug] 
[debug] [2018-02-20T16:25:42.674Z] > command requires scopes: ["email","openid","https://www.googleapis.com/auth/cloudplatformprojects.readonly","https://www.googleapis.com/auth/firebase","https://www.googleapis.com/auth/cloud-platform"]
[debug] [2018-02-20T16:25:42.675Z] > authorizing via signed-in user
[debug] [2018-02-20T16:25:42.677Z] >>> HTTP REQUEST GET https://admin.firebase.com/v1/projects/notasdai  
  
 Tue Feb 20 2018 13:25:42 GMT-0300 (Hora estándar de Argentina)
[debug] [2018-02-20T16:25:43.538Z] <<< HTTP RESPONSE 200
[debug] [2018-02-20T16:25:43.539Z] >>> HTTP REQUEST GET https://admin.firebase.com/v1/database/notasdai/tokens  
  
 Tue Feb 20 2018 13:25:43 GMT-0300 (Hora estándar de Argentina)
[debug] [2018-02-20T16:25:44.356Z] <<< HTTP RESPONSE 200
[debug] [2018-02-20T16:32:29.600Z] ----------------------------------------------------------------------
[debug] [2018-02-20T16:32:29.605Z] Command:       C:\Program Files\nodejs\node.exe C:\Users\iparravicini\AppData\Roaming\npm\node_modules\firebase-tools\bin\firebase deploy --debug
[debug] [2018-02-20T16:32:29.605Z] CLI Version:   3.17.4
[debug] [2018-02-20T16:32:29.606Z] Platform:      win32
[debug] [2018-02-20T16:32:29.607Z] Node Version:  v8.9.4
[debug] [2018-02-20T16:32:29.610Z] Time:          Tue Feb 20 2018 13:32:29 GMT-0300 (Hora estándar de Argentina)
[debug] [2018-02-20T16:32:29.610Z] ----------------------------------------------------------------------
[debug] 
[debug] [2018-02-20T16:32:29.628Z] > command requires scopes: ["email","openid","https://www.googleapis.com/auth/cloudplatformprojects.readonly","https://www.googleapis.com/auth/firebase","https://www.googleapis.com/auth/cloud-platform"]
[debug] [2018-02-20T16:32:29.629Z] > authorizing via signed-in user
[debug] [2018-02-20T16:32:29.633Z] >>> HTTP REQUEST GET https://admin.firebase.com/v1/projects/notasdai  
  
 Tue Feb 20 2018 13:32:29 GMT-0300 (Hora estándar de Argentina)
[debug] [2018-02-20T16:32:32.240Z] <<< HTTP RESPONSE 200
[debug] [2018-02-20T16:32:32.242Z] >>> HTTP REQUEST GET https://admin.firebase.com/v1/database/notasdai/tokens  
  
 Tue Feb 20 2018 13:32:32 GMT-0300 (Hora estándar de Argentina)
[debug] [2018-02-20T16:32:33.020Z] <<< HTTP RESPONSE 200
[debug] [2018-02-20T16:37:32.396Z] ----------------------------------------------------------------------
[debug] [2018-02-20T16:37:32.400Z] Command:       C:\Program Files\nodejs\node.exe C:\Users\iparravicini\AppData\Roaming\npm\node_modules\firebase-tools\bin\firebase deploy --debug
[debug] [2018-02-20T16:37:32.401Z] CLI Version:   3.17.4
[debug] [2018-02-20T16:37:32.401Z] Platform:      win32
[debug] [2018-02-20T16:37:32.403Z] Node Version:  v8.9.4
[debug] [2018-02-20T16:37:32.404Z] Time:          Tue Feb 20 2018 13:37:32 GMT-0300 (Hora estándar de Argentina)
[debug] [2018-02-20T16:37:32.405Z] ----------------------------------------------------------------------
[debug] 
[debug] [2018-02-20T16:37:32.423Z] > command requires scopes: ["email","openid","https://www.googleapis.com/auth/cloudplatformprojects.readonly","https://www.googleapis.com/auth/firebase","https://www.googleapis.com/auth/cloud-platform"]
[debug] [2018-02-20T16:37:32.423Z] > authorizing via signed-in user
[debug] [2018-02-20T16:37:32.426Z] >>> HTTP REQUEST GET https://admin.firebase.com/v1/projects/notasdai  
  
 Tue Feb 20 2018 13:37:32 GMT-0300 (Hora estándar de Argentina)
[debug] [2018-02-20T16:37:34.902Z] <<< HTTP RESPONSE 200
[debug] [2018-02-20T16:37:34.904Z] >>> HTTP REQUEST GET https://admin.firebase.com/v1/database/notasdai/tokens  
  
 Tue Feb 20 2018 13:37:34 GMT-0300 (Hora estándar de Argentina)
[debug] [2018-02-20T16:37:35.772Z] <<< HTTP RESPONSE 200
[debug] [2018-02-20T16:44:16.611Z] ----------------------------------------------------------------------
[debug] [2018-02-20T16:44:16.614Z] Command:       C:\Program Files\nodejs\node.exe C:\Users\iparravicini\AppData\Roaming\npm\node_modules\firebase-tools\bin\firebase deploy
[debug] [2018-02-20T16:44:16.614Z] CLI Version:   3.17.4
[debug] [2018-02-20T16:44:16.614Z] Platform:      win32
[debug] [2018-02-20T16:44:16.614Z] Node Version:  v8.9.4
[debug] [2018-02-20T16:44:16.614Z] Time:          Tue Feb 20 2018 13:44:16 GMT-0300 (Hora estándar de Argentina)
[debug] [2018-02-20T16:44:16.614Z] ----------------------------------------------------------------------
[debug] 
[debug] [2018-02-20T16:44:16.625Z] > command requires scopes: ["email","openid","https://www.googleapis.com/auth/cloudplatformprojects.readonly","https://www.googleapis.com/auth/firebase","https://www.googleapis.com/auth/cloud-platform"]
[debug] [2018-02-20T16:44:16.625Z] > authorizing via signed-in user
[debug] [2018-02-20T16:44:16.627Z] >>> HTTP REQUEST GET https://admin.firebase.com/v1/projects/notasdai  
  
 Tue Feb 20 2018 13:44:16 GMT-0300 (Hora estándar de Argentina)
[debug] [2018-02-20T16:44:17.823Z] <<< HTTP RESPONSE 200
[debug] [2018-02-20T16:44:17.824Z] >>> HTTP REQUEST GET https://admin.firebase.com/v1/database/notasdai/tokens  
  
 Tue Feb 20 2018 13:44:17 GMT-0300 (Hora estándar de Argentina)
[debug] [2018-02-20T16:44:18.618Z] <<< HTTP RESPONSE 200
[debug] [2018-02-20T16:45:40.494Z] ----------------------------------------------------------------------
[debug] [2018-02-20T16:45:40.500Z] Command:       C:\Program Files\nodejs\node.exe C:\Users\iparravicini\AppData\Roaming\npm\node_modules\firebase-tools\bin\firebase deploy --debug
[debug] [2018-02-20T16:45:40.501Z] CLI Version:   3.17.4
[debug] [2018-02-20T16:45:40.501Z] Platform:      win32
[debug] [2018-02-20T16:45:40.501Z] Node Version:  v8.9.4
[debug] [2018-02-20T16:45:40.502Z] Time:          Tue Feb 20 2018 13:45:40 GMT-0300 (Hora estándar de Argentina)
[debug] [2018-02-20T16:45:40.502Z] ----------------------------------------------------------------------
[debug] 
[debug] [2018-02-20T16:45:40.514Z] > command requires scopes: ["email","openid","https://www.googleapis.com/auth/cloudplatformprojects.readonly","https://www.googleapis.com/auth/firebase","https://www.googleapis.com/auth/cloud-platform"]
[debug] [2018-02-20T16:45:40.514Z] > authorizing via signed-in user
[debug] [2018-02-20T16:45:40.516Z] >>> HTTP REQUEST GET https://admin.firebase.com/v1/projects/notasdai  
  
 Tue Feb 20 2018 13:45:40 GMT-0300 (Hora estándar de Argentina)
[debug] [2018-02-20T16:45:41.383Z] <<< HTTP RESPONSE 200
[debug] [2018-02-20T16:45:41.384Z] >>> HTTP REQUEST GET https://admin.firebase.com/v1/database/notasdai/tokens  
  
 Tue Feb 20 2018 13:45:41 GMT-0300 (Hora estándar de Argentina)
[debug] [2018-02-20T16:45:42.239Z] <<< HTTP RESPONSE 200
[debug] [2018-02-20T17:02:21.758Z] ----------------------------------------------------------------------
[debug] [2018-02-20T17:02:21.763Z] Command:       C:\Program Files\nodejs\node.exe C:\Users\iparravicini\AppData\Roaming\npm\node_modules\firebase-tools\bin\firebase deploy --debug
[debug] [2018-02-20T17:02:21.763Z] CLI Version:   3.17.4
[debug] [2018-02-20T17:02:21.763Z] Platform:      win32
[debug] [2018-02-20T17:02:21.764Z] Node Version:  v8.9.4
[debug] [2018-02-20T17:02:21.764Z] Time:          Tue Feb 20 2018 14:02:21 GMT-0300 (Hora estándar de Argentina)
[debug] [2018-02-20T17:02:21.764Z] ----------------------------------------------------------------------
[debug] 
[debug] [2018-02-20T17:02:21.775Z] > command requires scopes: ["email","openid","https://www.googleapis.com/auth/cloudplatformprojects.readonly","https://www.googleapis.com/auth/firebase","https://www.googleapis.com/auth/cloud-platform"]
[debug] [2018-02-20T17:02:21.775Z] > authorizing via signed-in user
[debug] [2018-02-20T17:02:21.778Z] >>> HTTP REQUEST GET https://admin.firebase.com/v1/projects/notasdai  
  
 Tue Feb 20 2018 14:02:21 GMT-0300 (Hora estándar de Argentina)
[debug] [2018-02-20T17:02:22.975Z] <<< HTTP RESPONSE 200
[debug] [2018-02-20T17:02:22.976Z] >>> HTTP REQUEST GET https://admin.firebase.com/v1/database/notasdai/tokens  
  
 Tue Feb 20 2018 14:02:22 GMT-0300 (Hora estándar de Argentina)
[debug] [2018-02-20T17:02:23.996Z] <<< HTTP RESPONSE 200
[debug] [2018-02-21T14:20:18.925Z] ----------------------------------------------------------------------
[debug] [2018-02-21T14:20:18.929Z] Command:       C:\Program Files\nodejs\node.exe C:\Users\iparravicini\AppData\Roaming\npm\node_modules\firebase-tools\bin\firebase --debug --only hosting deploy
[debug] [2018-02-21T14:20:18.929Z] CLI Version:   3.17.4
[debug] [2018-02-21T14:20:18.929Z] Platform:      win32
[debug] [2018-02-21T14:20:18.930Z] Node Version:  v8.9.4
[debug] [2018-02-21T14:20:18.930Z] Time:          Wed Feb 21 2018 11:20:18 GMT-0300 (Hora estándar de Argentina)
[debug] [2018-02-21T14:20:18.931Z] ----------------------------------------------------------------------
[debug] 
[debug] [2018-02-21T14:20:18.996Z] > command requires scopes: ["email","openid","https://www.googleapis.com/auth/cloudplatformprojects.readonly","https://www.googleapis.com/auth/firebase","https://www.googleapis.com/auth/cloud-platform"]
[debug] [2018-02-21T14:20:18.997Z] > authorizing via signed-in user
[debug] [2018-02-21T14:20:18.999Z] > refreshing access token with scopes: ["email","https://www.googleapis.com/auth/cloud-platform","https://www.googleapis.com/auth/cloudplatformprojects.readonly","https://www.googleapis.com/auth/firebase","openid"]
[debug] [2018-02-21T14:20:19.000Z] >>> HTTP REQUEST POST https://www.googleapis.com/oauth2/v3/token  
 { refresh_token: '1/FKX4BuAIfDQ8HN-tVvldRPHTE3UYKmqqimHY6R6eukk',
  client_id: '563584335869-fgrhgmd47bqnekij5i8b5pr03ho849e6.apps.googleusercontent.com',
  client_secret: 'j9iVZfS8kkCEFUPaAeJV0sAi',
  grant_type: 'refresh_token',
  scope: 'email https://www.googleapis.com/auth/cloud-platform https://www.googleapis.com/auth/cloudplatformprojects.readonly https://www.googleapis.com/auth/firebase openid' } 
 Wed Feb 21 2018 11:20:19 GMT-0300 (Hora estándar de Argentina)
[debug] [2018-02-21T14:20:19.286Z] <<< HTTP RESPONSE 200
[debug] [2018-02-21T14:20:19.352Z] >>> HTTP REQUEST GET https://admin.firebase.com/v1/projects/notasdai  
  
 Wed Feb 21 2018 11:20:19 GMT-0300 (Hora estándar de Argentina)
[debug] [2018-02-21T14:20:21.544Z] <<< HTTP RESPONSE 200
[debug] [2018-02-21T14:20:21.546Z] >>> HTTP REQUEST GET https://admin.firebase.com/v1/database/notasdai/tokens  
  
 Wed Feb 21 2018 11:20:21 GMT-0300 (Hora estándar de Argentina)
[debug] [2018-02-21T14:20:22.351Z] <<< HTTP RESPONSE 200
